2025-07-01T17:40:20.250Z [ERROR]: No test files found for path: tests/pathDecisionPrompt.yaml
2025-07-01T17:45:44.409Z [ERROR]: No test files found for path: tests/pathDecisionPrompt.yamls
2025-07-01T17:46:08.796Z [ERROR]: No test files found for path: tests/pathDecisionPrompt-test.yamls
2025-07-01T17:48:32.371Z [ERROR]: No test files found for path: tests/pathDecisionPrompt-test.yamls
